 
****************************************
Report : qor
Design : weight_verification_top
Version: W-2024.09-SP5-3
Date   : Fri Mar 13 22:25:38 2026
****************************************


  Timing Path Group 'clk'
  -----------------------------------
  Levels of Logic:              28.00
  Critical Path Length:          1.17
  Critical Path Slack:           0.28
  Critical Path Clk Period:      2.00
  Total Negative Slack:          0.00
  No. of Violating Paths:        0.00
  Worst Hold Violation:         -0.14
  Total Hold Violation:         -3.33
  No. of Hold Violations:       48.00
  -----------------------------------


  Cell Count
  -----------------------------------
  Hierarchical Cell Count:          0
  Hierarchical Port Count:          0
  Leaf Cell Count:                221
  Buf/Inv Cell Count:              50
  Buf Cell Count:                   1
  Inv Cell Count:                  49
  CT Buf/Inv Cell Count:            0
  Combinational Cell Count:       171
  Sequential Cell Count:           50
  Macro Count:                      0
  -----------------------------------


  Area
  -----------------------------------
  Combinational Area:      345.889986
  Noncombinational Area:   355.801606
  Buf/Inv Area:             66.077440
  Total Buffer Area:             2.03
  Total Inverter Area:          64.04
  Macro/Black Box Area:      0.000000
  Net Area:                157.897592
  -----------------------------------
  Cell Area:               701.691592
  Design Area:             859.589184


  Design Rules
  -----------------------------------
  Total Number of Nets:           254
  Nets With Violations:             0
  Max Trans Violations:             0
  Max Cap Violations:               0
  -----------------------------------


  Hostname: sd46.ece.kalasalingam.ac.in

  Compile CPU Statistics
  -----------------------------------------
  Resource Sharing:                    0.05
  Logic Optimization:                  0.03
  Mapping Optimization:                0.17
  -----------------------------------------
  Overall Compile Time:                2.37
  Overall Compile Wall Clock Time:     2.63

  --------------------------------------------------------------------

  Design  WNS: 0.00  TNS: 0.00  Number of Violating Paths: 0


  Design (Hold)  WNS: 0.14  TNS: 3.33  Number of Violating Paths: 48

  --------------------------------------------------------------------


1
